[26Sep2025 00:01:44.982] [main/INFO] [cpw.mods.modlauncher.Launcher/MODLAUNCHER]: ModLauncher running: args [--username, TrashboxBobylev, --version, 1.21.1, --gameDir, D:/MultiMC/instances/1.21.1(1)/minecraft, --assetsDir, D:/MultiMC/assets, --assetIndex, 17, --uuid, 00c79cbd42b7439792ace269113e2d37, --accessToken, ❄❄❄❄❄❄❄❄, --userType, msa, --versionType, release, --fml.neoForgeVersion, 21.1.209, --fml.fmlVersion, 4.0.41, --fml.mcVersion, 1.21.1, --fml.neoFormVersion, 20240808.144430, --launchTarget, forgeclient, --width, 854, --height, 480]
[26Sep2025 00:01:44.990] [main/INFO] [cpw.mods.modlauncher.Launcher/MODLAUNCHER]: JVM identified as Azul Systems, Inc. OpenJDK 64-Bit Server VM 21.0.8+9-LTS
[26Sep2025 00:01:44.992] [main/INFO] [cpw.mods.modlauncher.Launcher/MODLAUNCHER]: ModLauncher 11.0.5+main.901c6ea8 starting: java version 21.0.8 by Azul Systems, Inc.; OS Windows 10 arch amd64 version 10.0
[26Sep2025 00:01:45.210] [main/INFO] [net.neoforged.fml.loading.ImmediateWindowHandler/]: Loading ImmediateWindowProvider fmlearlywindow
[26Sep2025 00:01:45.310] [main/INFO] [EARLYDISPLAY/]: Trying GL version 4.6
[26Sep2025 00:01:45.554] [main/INFO] [EARLYDISPLAY/]: Requested GL version 4.6 got version 4.6
[26Sep2025 00:01:45.668] [main/INFO] [mixin/]: SpongePowered MIXIN Subsystem Version=0.8.7 Source=union:/D:/MultiMC/libraries/net/fabricmc/sponge-mixin/0.15.2+mixin.0.8.7/sponge-mixin-0.15.2+mixin.0.8.7.jar%23175!/ Service=ModLauncher Env=CLIENT
[26Sep2025 00:01:45.977] [pool-2-thread-1/INFO] [EARLYDISPLAY/]: GL info: AMD Radeon(TM) Graphics GL version 4.6.0 Core Profile Context 24.9.1.240926, ATI Technologies Inc.
[26Sep2025 00:01:46.156] [main/INFO] [net.neoforged.fml.loading.moddiscovery.ModDiscoverer/SCAN]: Found mod file "client-1.21.1-20240808.144430-srg.jar" [locator: production client provider +net.neoforged:neoforge:21.1.209:client]
[26Sep2025 00:01:46.182] [main/INFO] [net.neoforged.fml.loading.moddiscovery.ModDiscoverer/SCAN]: Found mod file "neoforge-21.1.209-universal.jar" [locator: PathBasedLocator[name=neoforge, paths=[D:\MultiMC\libraries\net\neoforged\neoforge\21.1.209\neoforge-21.1.209-universal.jar]], reader: mod manifest]
[26Sep2025 00:01:46.201] [main/INFO] [net.neoforged.fml.loading.moddiscovery.ModDiscoverer/SCAN]: Found mod file "alltheleaks-1.0.3+1.21.1-neoforge.jar" [locator: {mods folder locator at D:\MultiMC\instances\1.21.1(1)\minecraft\mods}, reader: mod manifest]
[26Sep2025 00:01:46.209] [main/INFO] [net.neoforged.fml.loading.moddiscovery.ModDiscoverer/SCAN]: Found mod file "almostunified-neoforge-1.21.1-1.3.0.jar" [locator: {mods folder locator at D:\MultiMC\instances\1.21.1(1)\minecraft\mods}, reader: mod manifest]
[26Sep2025 00:01:46.221] [main/INFO] [net.neoforged.fml.loading.moddiscovery.ModDiscoverer/SCAN]: Found mod file "appleskin-neoforge-mc1.21-3.0.7.jar" [locator: {mods folder locator at D:\MultiMC\instances\1.21.1(1)\minecraft\mods}, reader: mod manifest]
[26Sep2025 00:01:46.227] [main/INFO] [net.neoforged.fml.loading.moddiscovery.ModDiscoverer/SCAN]: Found mod file "architectury-13.0.8-neoforge.jar" [locator: {mods folder locator at D:\MultiMC\instances\1.21.1(1)\minecraft\mods}, reader: mod manifest]
[26Sep2025 00:01:46.234] [main/INFO] [net.neoforged.fml.loading.moddiscovery.ModDiscoverer/SCAN]: Found mod file "astages-1.4.0-1.21.1.jar" [locator: {mods folder locator at D:\MultiMC\instances\1.21.1(1)\minecraft\mods}, reader: mod manifest]
[26Sep2025 00:01:46.240] [main/INFO] [net.neoforged.fml.loading.moddiscovery.ModDiscoverer/SCAN]: Found mod file "attributefix-neoforge-1.21.1-21.1.2.jar" [locator: {mods folder locator at D:\MultiMC\instances\1.21.1(1)\minecraft\mods}, reader: mod manifest]
[26Sep2025 00:01:46.245] [main/INFO] [net.neoforged.fml.loading.moddiscovery.ModDiscoverer/SCAN]: Found mod file "bookshelf-neoforge-1.21.1-21.1.69.jar" [locator: {mods folder locator at D:\MultiMC\instances\1.21.1(1)\minecraft\mods}, reader: mod manifest]
[26Sep2025 00:01:46.250] [main/INFO] [net.neoforged.fml.loading.moddiscovery.ModDiscoverer/SCAN]: Found mod file "chisels-and-bits-neoforge-21.1.25.jar" [locator: {mods folder locator at D:\MultiMC\instances\1.21.1(1)\minecraft\mods}, reader: mod manifest]
[26Sep2025 00:01:46.255] [main/INFO] [net.neoforged.fml.loading.moddiscovery.ModDiscoverer/SCAN]: Found mod file "cloth-config-15.0.140-neoforge.jar" [locator: {mods folder locator at D:\MultiMC\instances\1.21.1(1)\minecraft\mods}, reader: mod manifest]
[26Sep2025 00:01:46.263] [main/INFO] [net.neoforged.fml.loading.moddiscovery.ModDiscoverer/SCAN]: Found mod file "configured-neoforge-1.21.1-2.6.0.jar" [locator: {mods folder locator at D:\MultiMC\instances\1.21.1(1)\minecraft\mods}, reader: mod manifest]
[26Sep2025 00:01:46.267] [main/INFO] [net.neoforged.fml.loading.moddiscovery.ModDiscoverer/SCAN]: Found mod file "Controlling-neoforge-1.21.1-19.0.5.jar" [locator: {mods folder locator at D:\MultiMC\instances\1.21.1(1)\minecraft\mods}, reader: mod manifest]
[26Sep2025 00:01:46.273] [main/INFO] [net.neoforged.fml.loading.moddiscovery.ModDiscoverer/SCAN]: Found mod file "CraftTweaker-neoforge-1.21.1-21.0.34.jar" [locator: {mods folder locator at D:\MultiMC\instances\1.21.1(1)\minecraft\mods}, reader: mod manifest]
[26Sep2025 00:01:46.278] [main/INFO] [net.neoforged.fml.loading.moddiscovery.ModDiscoverer/SCAN]: Found mod file "ctgui-neoforge-1.21.1-0.3.0.jar" [locator: {mods folder locator at D:\MultiMC\instances\1.21.1(1)\minecraft\mods}, reader: mod manifest]
[26Sep2025 00:01:46.281] [main/INFO] [net.neoforged.fml.loading.moddiscovery.ModDiscoverer/SCAN]: Found mod file "curios-neoforge-9.5.1+1.21.1.jar" [locator: {mods folder locator at D:\MultiMC\instances\1.21.1(1)\minecraft\mods}, reader: mod manifest]
[26Sep2025 00:01:46.285] [main/INFO] [net.neoforged.fml.loading.moddiscovery.ModDiscoverer/SCAN]: Found mod file "CustomMachinery-neoforge-1.21.1-0.10.45.jar" [locator: {mods folder locator at D:\MultiMC\instances\1.21.1(1)\minecraft\mods}, reader: mod manifest]
[26Sep2025 00:01:46.289] [main/INFO] [net.neoforged.fml.loading.moddiscovery.ModDiscoverer/SCAN]: Found mod file "FastFurnace-1.21.1-9.0.1.jar" [locator: {mods folder locator at D:\MultiMC\instances\1.21.1(1)\minecraft\mods}, reader: mod manifest]
[26Sep2025 00:01:46.293] [main/INFO] [net.neoforged.fml.loading.moddiscovery.ModDiscoverer/SCAN]: Found mod file "FastSuite-1.21.1-6.0.5.jar" [locator: {mods folder locator at D:\MultiMC\instances\1.21.1(1)\minecraft\mods}, reader: mod manifest]
[26Sep2025 00:01:46.296] [main/INFO] [net.neoforged.fml.loading.moddiscovery.ModDiscoverer/SCAN]: Found mod file "FastWorkbench-1.21.1-9.1.3.jar" [locator: {mods folder locator at D:\MultiMC\instances\1.21.1(1)\minecraft\mods}, reader: mod manifest]
[26Sep2025 00:01:46.304] [main/INFO] [net.neoforged.fml.loading.moddiscovery.ModDiscoverer/SCAN]: Found mod file "ferritecore-7.0.2-neoforge.jar" [locator: {mods folder locator at D:\MultiMC\instances\1.21.1(1)\minecraft\mods}, reader: mod manifest]
[26Sep2025 00:01:46.308] [main/INFO] [net.neoforged.fml.loading.moddiscovery.ModDiscoverer/SCAN]: Found mod file "fusion-1.2.11a-neoforge-mc1.21.jar" [locator: {mods folder locator at D:\MultiMC\instances\1.21.1(1)\minecraft\mods}, reader: mod manifest]
[26Sep2025 00:01:46.311] [main/INFO] [net.neoforged.fml.loading.moddiscovery.ModDiscoverer/SCAN]: Found mod file "Jade-1.21.1-NeoForge-15.10.3.jar" [locator: {mods folder locator at D:\MultiMC\instances\1.21.1(1)\minecraft\mods}, reader: mod manifest]
[26Sep2025 00:01:46.313] [main/INFO] [net.neoforged.fml.loading.moddiscovery.ModDiscoverer/SCAN]: Found mod file "JadeAddons-1.21.1-NeoForge-6.1.0.jar" [locator: {mods folder locator at D:\MultiMC\instances\1.21.1(1)\minecraft\mods}, reader: mod manifest]
[26Sep2025 00:01:46.318] [main/INFO] [net.neoforged.fml.loading.moddiscovery.ModDiscoverer/SCAN]: Found mod file "jei-1.21.1-neoforge-19.25.0.319.jar" [locator: {mods folder locator at D:\MultiMC\instances\1.21.1(1)\minecraft\mods}, reader: mod manifest]
[26Sep2025 00:01:46.323] [main/INFO] [net.neoforged.fml.loading.moddiscovery.ModDiscoverer/SCAN]: Found mod file "kubejs-neoforge-2101.7.1-build.181.jar" [locator: {mods folder locator at D:\MultiMC\instances\1.21.1(1)\minecraft\mods}, reader: mod manifest]
[26Sep2025 00:01:46.327] [main/INFO] [net.neoforged.fml.loading.moddiscovery.ModDiscoverer/SCAN]: Found mod file "modernfix-neoforge-5.24.3+mc1.21.1.jar" [locator: {mods folder locator at D:\MultiMC\instances\1.21.1(1)\minecraft\mods}, reader: mod manifest]
[26Sep2025 00:01:46.330] [main/INFO] [net.neoforged.fml.loading.moddiscovery.ModDiscoverer/SCAN]: Found mod file "morejs-neoforge-1.21-0.14.1.jar" [locator: {mods folder locator at D:\MultiMC\instances\1.21.1(1)\minecraft\mods}, reader: mod manifest]
[26Sep2025 00:01:46.334] [main/INFO] [net.neoforged.fml.loading.moddiscovery.ModDiscoverer/SCAN]: Found mod file "MouseTweaks-neoforge-mc1.21-2.26.1.jar" [locator: {mods folder locator at D:\MultiMC\instances\1.21.1(1)\minecraft\mods}, reader: mod manifest]
[26Sep2025 00:01:46.337] [main/INFO] [net.neoforged.fml.loading.moddiscovery.ModDiscoverer/SCAN]: Found mod file "NoChatReports-NEOFORGE-1.21.1-v2.9.1.jar" [locator: {mods folder locator at D:\MultiMC\instances\1.21.1(1)\minecraft\mods}, reader: mod manifest]
[26Sep2025 00:01:46.341] [main/INFO] [net.neoforged.fml.loading.moddiscovery.ModDiscoverer/SCAN]: Found mod file "noisium-neoforge-2.3.0+mc1.21-1.21.1.jar" [locator: {mods folder locator at D:\MultiMC\instances\1.21.1(1)\minecraft\mods}, reader: mod manifest]
[26Sep2025 00:01:46.344] [main/INFO] [net.neoforged.fml.loading.moddiscovery.ModDiscoverer/SCAN]: Found mod file "packetfixer-3.3.0-1.20.5-1.21.X-merged.jar" [locator: {mods folder locator at D:\MultiMC\instances\1.21.1(1)\minecraft\mods}, reader: mod manifest]
[26Sep2025 00:01:46.349] [main/INFO] [net.neoforged.fml.loading.moddiscovery.ModDiscoverer/SCAN]: Found mod file "Placebo-1.21.1-9.9.1.jar" [locator: {mods folder locator at D:\MultiMC\instances\1.21.1(1)\minecraft\mods}, reader: mod manifest]
[26Sep2025 00:01:46.353] [main/INFO] [net.neoforged.fml.loading.moddiscovery.ModDiscoverer/SCAN]: Found mod file "prickle-neoforge-1.21.1-21.1.11.jar" [locator: {mods folder locator at D:\MultiMC\instances\1.21.1(1)\minecraft\mods}, reader: mod manifest]
[26Sep2025 00:01:46.359] [main/INFO] [net.neoforged.fml.loading.moddiscovery.ModDiscoverer/SCAN]: Found mod file "rechiseled-1.1.6a-neoforge-mc1.21.jar" [locator: {mods folder locator at D:\MultiMC\instances\1.21.1(1)\minecraft\mods}, reader: mod manifest]
[26Sep2025 00:01:46.363] [main/INFO] [net.neoforged.fml.loading.moddiscovery.ModDiscoverer/SCAN]: Found mod file "rhino-2101.2.7-build.77.jar" [locator: {mods folder locator at D:\MultiMC\instances\1.21.1(1)\minecraft\mods}, reader: mod manifest]
[26Sep2025 00:01:46.366] [main/INFO] [net.neoforged.fml.loading.moddiscovery.ModDiscoverer/SCAN]: Found mod file "Searchables-neoforge-1.21.1-1.0.2.jar" [locator: {mods folder locator at D:\MultiMC\instances\1.21.1(1)\minecraft\mods}, reader: mod manifest]
[26Sep2025 00:01:46.369] [main/INFO] [net.neoforged.fml.loading.moddiscovery.ModDiscoverer/SCAN]: Found mod file "sodium-neoforge-0.6.13+mc1.21.1.jar" [locator: {mods folder locator at D:\MultiMC\instances\1.21.1(1)\minecraft\mods}, reader: mod manifest]
[26Sep2025 00:01:46.372] [main/INFO] [net.neoforged.fml.loading.moddiscovery.ModDiscoverer/SCAN]: Found mod file "spark-1.10.124-neoforge.jar" [locator: {mods folder locator at D:\MultiMC\instances\1.21.1(1)\minecraft\mods}, reader: mod manifest]
[26Sep2025 00:01:46.376] [main/INFO] [net.neoforged.fml.loading.moddiscovery.ModDiscoverer/SCAN]: Found mod file "supermartijn642configlib-1.1.8-neoforge-mc1.21.jar" [locator: {mods folder locator at D:\MultiMC\instances\1.21.1(1)\minecraft\mods}, reader: mod manifest]
[26Sep2025 00:01:46.380] [main/INFO] [net.neoforged.fml.loading.moddiscovery.ModDiscoverer/SCAN]: Found mod file "supermartijn642corelib-1.1.18a-neoforge-mc1.21.jar" [locator: {mods folder locator at D:\MultiMC\instances\1.21.1(1)\minecraft\mods}, reader: mod manifest]
[26Sep2025 00:01:46.383] [main/INFO] [net.neoforged.fml.loading.moddiscovery.ModDiscoverer/SCAN]: Found mod file "Xaeros_Minimap_25.2.10_NeoForge_1.21.jar" [locator: {mods folder locator at D:\MultiMC\instances\1.21.1(1)\minecraft\mods}, reader: mod manifest]
[26Sep2025 00:01:46.386] [main/INFO] [net.neoforged.fml.loading.moddiscovery.ModDiscoverer/SCAN]: Found mod file "XaerosWorldMap_1.39.12_NeoForge_1.21.jar" [locator: {mods folder locator at D:\MultiMC\instances\1.21.1(1)\minecraft\mods}, reader: mod manifest]
[26Sep2025 00:01:46.391] [main/INFO] [net.neoforged.fml.loading.moddiscovery.ModDiscoverer/SCAN]: Found mod file "xtonesreworked-1.1.1-1.21.1.jar" [locator: {mods folder locator at D:\MultiMC\instances\1.21.1(1)\minecraft\mods}, reader: mod manifest]
[26Sep2025 00:01:46.610] [main/INFO] [net.neoforged.fml.loading.moddiscovery.locators.JarInJarDependencyLocator/]: Found 17 dependencies adding them to mods collection
[26Sep2025 00:01:46.610] [main/INFO] [net.neoforged.fml.loading.moddiscovery.ModDiscoverer/SCAN]: Found gamelibrary file "mixinextras-neoforge-0.5.0.jar" [parent: neoforge-21.1.209-universal.jar, locator: jarinjar, reader: mod manifest]
[26Sep2025 00:01:46.610] [main/INFO] [net.neoforged.fml.loading.moddiscovery.ModDiscoverer/SCAN]: Found gamelibrary file "scena-core-21.1.18.jar" [parent: neoforge-21.1.18.jar, locator: jarinjar, reader: mod manifest]
[26Sep2025 00:01:46.611] [main/INFO] [net.neoforged.fml.loading.moddiscovery.ModDiscoverer/SCAN]: Found mod file "fabric-renderer-api-v1-3.4.0+9c40919e19.jar" [parent: sodium-neoforge-0.6.13+mc1.21.1.jar, locator: jarinjar, reader: mod manifest]
[26Sep2025 00:01:46.611] [main/INFO] [net.neoforged.fml.loading.moddiscovery.ModDiscoverer/SCAN]: Found mod file "fabric-api-base-0.4.42+d1308ded19.jar" [parent: sodium-neoforge-0.6.13+mc1.21.1.jar, locator: jarinjar, reader: mod manifest]
[26Sep2025 00:01:46.611] [main/INFO] [net.neoforged.fml.loading.moddiscovery.ModDiscoverer/SCAN]: Found library file "net.caffeinemc.sodium-neoforge-0.6.13+mc1.21.1-service.jar" [parent: sodium-neoforge-0.6.13+mc1.21.1.jar, locator: jarinjar, reader: mod manifest]
[26Sep2025 00:01:46.611] [main/INFO] [net.neoforged.fml.loading.moddiscovery.ModDiscoverer/SCAN]: Found library file "tiny-java-server-1.0.0-build.6.jar" [parent: kubejs-neoforge-2101.7.1-build.181.jar, locator: jarinjar]
[26Sep2025 00:01:46.611] [main/INFO] [net.neoforged.fml.loading.moddiscovery.ModDiscoverer/SCAN]: Found gamelibrary file "saecularia-caudices-core-21.1.5.jar" [parent: neoforge-21.1.5.jar, locator: jarinjar, reader: mod manifest]
[26Sep2025 00:01:46.611] [main/INFO] [net.neoforged.fml.loading.moddiscovery.ModDiscoverer/SCAN]: Found mod file "neoforge-21.1.18.jar" [parent: chisels-and-bits-neoforge-21.1.25.jar, locator: jarinjar, reader: mod manifest]
[26Sep2025 00:01:46.611] [main/INFO] [net.neoforged.fml.loading.moddiscovery.ModDiscoverer/SCAN]: Found library file "net.neoforged.neoforge-coremods-21.1.209.jar" [parent: neoforge-21.1.209-universal.jar, locator: jarinjar, reader: mod manifest]
[26Sep2025 00:01:46.612] [main/INFO] [net.neoforged.fml.loading.moddiscovery.ModDiscoverer/SCAN]: Found gamelibrary file "mixinsquared-neoforge-0.3.3.jar" [parent: alltheleaks-1.0.3+1.21.1-neoforge.jar, locator: jarinjar, reader: mod manifest]
[26Sep2025 00:01:46.612] [main/INFO] [net.neoforged.fml.loading.moddiscovery.ModDiscoverer/SCAN]: Found mod file "neoforge-21.1.5.jar" [parent: neoforge-21.1.18.jar, locator: jarinjar, reader: mod manifest]
[26Sep2025 00:01:46.612] [main/INFO] [net.neoforged.fml.loading.moddiscovery.ModDiscoverer/SCAN]: Found mod file "fabric-rendering-data-attachment-v1-0.3.48+73761d2e19.jar" [parent: sodium-neoforge-0.6.13+mc1.21.1.jar, locator: jarinjar, reader: mod manifest]
[26Sep2025 00:01:46.612] [main/INFO] [net.neoforged.fml.loading.moddiscovery.ModDiscoverer/SCAN]: Found library file "MixinSquared-0.3.3.jar" [parent: mixinsquared-neoforge-0.3.3.jar, locator: jarinjar]
[26Sep2025 00:01:46.612] [main/INFO] [net.neoforged.fml.loading.moddiscovery.ModDiscoverer/SCAN]: Found library file "animated-gif-lib-for-java-animated-gif-lib-1.7.jar" [parent: kubejs-neoforge-2101.7.1-build.181.jar, locator: jarinjar]
[26Sep2025 00:01:46.612] [main/INFO] [net.neoforged.fml.loading.moddiscovery.ModDiscoverer/SCAN]: Found gamelibrary file "chisels-and-bits-api-21.1.25.jar" [parent: chisels-and-bits-neoforge-21.1.25.jar, locator: jarinjar, reader: mod manifest]
[26Sep2025 00:01:46.612] [main/INFO] [net.neoforged.fml.loading.moddiscovery.ModDiscoverer/SCAN]: Found gamelibrary file "chisels-and-bits-core-21.1.25.jar" [parent: chisels-and-bits-neoforge-21.1.25.jar, locator: jarinjar, reader: mod manifest]
[26Sep2025 00:01:46.612] [main/INFO] [net.neoforged.fml.loading.moddiscovery.ModDiscoverer/SCAN]: Found mod file "fabric-block-view-api-v2-1.0.10+9afaaf8c19.jar" [parent: sodium-neoforge-0.6.13+mc1.21.1.jar, locator: jarinjar, reader: mod manifest]
[26Sep2025 00:01:46.615] [main/INFO] [net.neoforged.fml.loading.moddiscovery.ModDiscoverer/]: 
     Mod List:
		Name Version (Mod Id)

		All The Leaks 1.0.3+1.21.1-neoforge (alltheleaks)
		AlmostUnified 1.21.1-1.3.0 (almostunified)
		AppleSkin 3.0.7+mc1.21 (appleskin)
		Architectury 13.0.8 (architectury)
		Astages 1.4.0-1.21.1 (astages)
		AttributeFix 21.1.2 (attributefix)
		Bookshelf 21.1.69 (bookshelf)
		chisels-and-bits 21.1.25 (chiselsandbits)
		Cloth Config v15 API 15.0.140 (cloth_config)
		Configured 2.6.0 (configured)
		Controlling 19.0.5 (controlling)
		CraftTweaker 21.0.34 (crafttweaker)
		CraftTweaker GUI 0.3.0 (ctgui)
		Curios API 9.5.1+1.21.1 (curios)
		Custom Machinery 0.10.45 (custommachinery)
		Fast Suite 6.0.5 (fastsuite)
		Fast Workbench 9.1.3 (fastbench)
		FastFurnace 9.0.1 (fastfurnace)
		Ferrite Core 7.0.2 (ferritecore)
		Forgified Fabric API Base 0.4.42+d1308ded19 (fabric_api_base)
		Forgified Fabric BlockView API (v2) 1.0.10+9afaaf8c19 (fabric_block_view_api_v2)
		Forgified Fabric Renderer API (v1) 3.4.0+9c40919e19 (fabric_renderer_api_v1)
		Forgified Fabric Rendering Data Attachment (v1) 0.3.48+73761d2e19 (fabric_rendering_data_attachment_v1)
		Fusion 1.2.11+a (fusion)
		Jade 15.10.3+neoforge (jade)
		Jade Addons 6.1.0+neoforge (jadeaddons)
		Just Enough Items 19.25.0.319 (jei)
		KubeJS 2101.7.1-build.181 (kubejs)
		Minecraft 1.21.1 (minecraft)
		ModernFix 5.24.3+mc1.21.1 (modernfix)
		MoreJS 1.21-0.14.1 (morejs)
		Mouse Tweaks 2.26.1 (mousetweaks)
		NeoForge 21.1.209 (neoforge)
		No Chat Reports 1.21.1-v2.9.1 (nochatreports)
		Noisium 2.3.0+mc1.21-1.21.1 (noisium)
		PacketFixer 3.3.0 (packetfixer)
		Placebo 9.9.1 (placebo)
		PrickleMC 21.1.11 (prickle)
		Rechiseled 1.1.6+a (rechiseled)
		Rhino 2101.2.7-build.77 (rhino)
		Saecularia Caudices 21.1.5 (saeculariacaudices)
		scena 21.1.18 (scena)
		Searchables 1.0.2 (searchables)
		Sodium 0.6.13+mc1.21.1 (sodium)
		spark 1.10.124 (spark)
		SuperMartijn642's Config Library 1.1.8 (supermartijn642configlib)
		SuperMartijn642's Core Lib 1.1.18+a (supermartijn642corelib)
		Xaero's Minimap 25.2.10 (xaerominimap)
		Xaero's World Map 1.39.12 (xaeroworldmap)
		XTones Reworked 1.1.1-1.21.1 (xtonesreworked)
[26Sep2025 00:01:46.909] [main/INFO] [net.neoforged.fml.loading.FMLServiceProvider/CORE]: Loading coremod script-engine for [xaeroworldmap, xaerominimap]
[26Sep2025 00:01:47.838] [main/INFO] [mixin/]: Compatibility level set to JAVA_21
[26Sep2025 00:01:47.896] [main/INFO] [cpw.mods.modlauncher.LaunchServiceHandler/MODLAUNCHER]: Launching target 'forgeclient' with arguments [--version, 1.21.1, --gameDir, D:\MultiMC\instances\1.21.1(1)\minecraft, --assetsDir, D:\MultiMC\assets, --uuid, 00c79cbd42b7439792ace269113e2d37, --username, TrashboxBobylev, --assetIndex, 17, --accessToken, ❄❄❄❄❄❄❄❄, --userType, msa, --versionType, release, --width, 854, --height, 480]
[26Sep2025 00:01:47.922] [main/WARN] [mixin/]: Reference map 'scena.refmap.json' for sc.mixins.json could not be read. If this is a development environment you can ignore this message
[26Sep2025 00:01:47.922] [main/WARN] [mixin/]: Reference map 'attributefix.refmap.json' for attributefix.mixins.json could not be read. If this is a development environment you can ignore this message
[26Sep2025 00:01:47.926] [main/WARN] [mixin/]: Reference map 'xaeroworldmap.refmap.json' for xaeroworldmap.mixins.json could not be read. If this is a development environment you can ignore this message
[26Sep2025 00:01:47.926] [main/WARN] [mixin/]: Reference map 'controlling.refmap.json' for controlling.mixins.json could not be read. If this is a development environment you can ignore this message
[26Sep2025 00:01:47.927] [main/WARN] [mixin/]: Reference map 'controlling.refmap.json' for controlling.neoforge.mixins.json could not be read. If this is a development environment you can ignore this message
[26Sep2025 00:01:47.927] [main/WARN] [mixin/]: Reference map 'placebo.refmap.json' for placebo.mixins.json could not be read. If this is a development environment you can ignore this message
[26Sep2025 00:01:47.927] [main/WARN] [mixin/]: Reference map 'fastsuite.refmap.json' for fastsuite.mixins.json could not be read. If this is a development environment you can ignore this message
[26Sep2025 00:01:47.997] [main/INFO] [ModernFix/]: Loaded configuration file for ModernFix 5.24.3+mc1.21.1: 78 options available, 1 override(s) found
[26Sep2025 00:01:47.998] [main/WARN] [ModernFix/]: Option 'mixin.perf.smart_ingredient_sync' overriden (by mods [crafttweaker]) to 'false'
[26Sep2025 00:01:47.998] [main/INFO] [ModernFix/]: Applying Nashorn fix
[26Sep2025 00:01:48.001] [main/WARN] [mixin/]: Reference map 'bookshelf.refmap.json' for bookshelf.mixins.json could not be read. If this is a development environment you can ignore this message
[26Sep2025 00:01:48.001] [main/WARN] [mixin/]: Reference map 'prickle.refmap.json' for prickle.mixins.json could not be read. If this is a development environment you can ignore this message
[26Sep2025 00:01:48.025] [main/INFO] [Sodium/]: Loaded configuration file for Sodium: 43 options available, 0 override(s) found
[26Sep2025 00:01:48.027] [main/WARN] [mixin/]: Reference map 'crafttweaker.refmap.json' for crafttweaker.mixins.json could not be read. If this is a development environment you can ignore this message
[26Sep2025 00:01:48.028] [main/WARN] [mixin/]: Reference map 'crafttweaker.refmap.json' for crafttweaker.neoforge.mixins.json could not be read. If this is a development environment you can ignore this message
[26Sep2025 00:01:48.028] [main/WARN] [mixin/]: Reference map 'scena.refmap.json' for scena.mixins.json could not be read. If this is a development environment you can ignore this message
[26Sep2025 00:01:48.029] [main/WARN] [mixin/]: Reference map 'nochatreports.refmap.json' for mixins/common/nochatreports.mixins.json could not be read. If this is a development environment you can ignore this message
[26Sep2025 00:01:48.033] [main/WARN] [mixin/]: Reference map 'supermartijn642corelib.mixins.refmap.json' for supermartijn642corelib.mixins.json could not be read. If this is a development environment you can ignore this message
[26Sep2025 00:01:48.033] [main/WARN] [mixin/]: Reference map 'curios.refmap.json' for curios.neoforge.mixins.json could not be read. If this is a development environment you can ignore this message
[26Sep2025 00:01:48.034] [main/WARN] [mixin/]: Reference map 'curios.refmap.json' for curios.mixins.json could not be read. If this is a development environment you can ignore this message
[26Sep2025 00:01:48.034] [main/WARN] [mixin/]: Reference map 'xaerominimap.refmap.json' for xaerohud.mixins.json could not be read. If this is a development environment you can ignore this message
[26Sep2025 00:01:48.035] [main/WARN] [mixin/]: Reference map 'xaerominimap.refmap.json' for xaerominimap.mixins.json could not be read. If this is a development environment you can ignore this message
[26Sep2025 00:01:48.035] [main/WARN] [mixin/]: Reference map 'astages.refmap.json' for astages.mixins.json could not be read. If this is a development environment you can ignore this message
[26Sep2025 00:01:48.035] [main/WARN] [mixin/]: Reference map 'fastbench.refmap.json' for fastbench.mixins.json could not be read. If this is a development environment you can ignore this message
[26Sep2025 00:01:48.036] [main/WARN] [mixin/]: Reference map 'searchables.refmap.json' for searchables.mixins.json could not be read. If this is a development environment you can ignore this message
[26Sep2025 00:01:48.036] [main/WARN] [mixin/]: Reference map 'searchables.refmap.json' for searchables.neoforge.mixins.json could not be read. If this is a development environment you can ignore this message
[26Sep2025 00:01:48.039] [main/WARN] [mixin/]: Reference map 'fastfurnace.refmap.json' for fastfurnace.mixins.json could not be read. If this is a development environment you can ignore this message
[26Sep2025 00:01:48.079] [main/WARN] [mixin/]: Reference map '${refmap_target}refmap.json' for ferritecore.predicates.mixin.json could not be read. If this is a development environment you can ignore this message
[26Sep2025 00:01:48.080] [main/WARN] [mixin/]: Reference map '${refmap_target}refmap.json' for ferritecore.fastmap.mixin.json could not be read. If this is a development environment you can ignore this message
[26Sep2025 00:01:48.081] [main/WARN] [mixin/]: Reference map '${refmap_target}refmap.json' for ferritecore.mrl.mixin.json could not be read. If this is a development environment you can ignore this message
[26Sep2025 00:01:48.082] [main/WARN] [mixin/]: Reference map '${refmap_target}refmap.json' for ferritecore.dedupmultipart.mixin.json could not be read. If this is a development environment you can ignore this message
[26Sep2025 00:01:48.083] [main/WARN] [mixin/]: Reference map '${refmap_target}refmap.json' for ferritecore.blockstatecache.mixin.json could not be read. If this is a development environment you can ignore this message
[26Sep2025 00:01:48.084] [main/WARN] [mixin/]: Reference map '${refmap_target}refmap.json' for ferritecore.dedupbakedquad.mixin.json could not be read. If this is a development environment you can ignore this message
[26Sep2025 00:01:48.085] [main/WARN] [mixin/]: Reference map '${refmap_target}refmap.json' for ferritecore.threaddetec.mixin.json could not be read. If this is a development environment you can ignore this message
[26Sep2025 00:01:48.086] [main/WARN] [mixin/]: Reference map '${refmap_target}refmap.json' for ferritecore.modelsides.mixin.json could not be read. If this is a development environment you can ignore this message
[26Sep2025 00:01:48.086] [main/WARN] [mixin/]: Reference map '${refmap_target}refmap.json' for ferritecore.accessors.mixin.json could not be read. If this is a development environment you can ignore this message
[26Sep2025 00:01:48.094] [main/WARN] [mixin/]: Reference map 'jadeaddons.refmap.json' for jadeaddons.mixins.json could not be read. If this is a development environment you can ignore this message
[26Sep2025 00:01:48.125] [main/INFO] [dev.tonimatas.packetfixer.mixins.v1_20_5_neoforge.MixinPlugin/]: Packet Fixer neoforge 1.20.5-1.21.X has been applied successfully.
[26Sep2025 00:01:48.617] [main/WARN] [mixin/]: Error loading class: mezz/modnametooltip/TooltipEventHandler (java.lang.ClassNotFoundException: mezz.modnametooltip.TooltipEventHandler)
[26Sep2025 00:01:48.619] [main/WARN] [mixin/]: Error loading class: me/shedaniel/rei/impl/client/ClientHelperImpl (java.lang.ClassNotFoundException: me.shedaniel.rei.impl.client.ClientHelperImpl)
[26Sep2025 00:01:48.926] [main/WARN] [mixin/]: Error loading class: dev/emi/emi/api/recipe/EmiCraftingRecipe (java.lang.ClassNotFoundException: dev.emi.emi.api.recipe.EmiCraftingRecipe)
[26Sep2025 00:01:48.926] [main/WARN] [mixin/]: @Mixin target dev.emi.emi.api.recipe.EmiCraftingRecipe was not found ctgui.mixins.json:EmiCraftingRecipeMixin from mod ctgui
[26Sep2025 00:01:48.929] [main/WARN] [mixin/]: Error loading class: dev/emi/emi/screen/RecipeDisplay (java.lang.ClassNotFoundException: dev.emi.emi.screen.RecipeDisplay)
[26Sep2025 00:01:48.929] [main/WARN] [mixin/]: @Mixin target dev.emi.emi.screen.RecipeDisplay was not found ctgui.mixins.json:RecipeDisplayMixin from mod ctgui
[26Sep2025 00:01:48.930] [main/WARN] [mixin/]: Error loading class: dev/emi/emi/EmiRenderHelper (java.lang.ClassNotFoundException: dev.emi.emi.EmiRenderHelper)
[26Sep2025 00:01:48.931] [main/WARN] [mixin/]: @Mixin target dev.emi.emi.EmiRenderHelper was not found ctgui.mixins.json:EmiRenderHelperMixin from mod ctgui
[26Sep2025 00:01:48.931] [main/WARN] [mixin/]: Error loading class: dev/emi/emi/registry/EmiTags (java.lang.ClassNotFoundException: dev.emi.emi.registry.EmiTags)
[26Sep2025 00:01:48.931] [main/WARN] [mixin/]: @Mixin target dev.emi.emi.registry.EmiTags was not found ctgui.mixins.json:EmiTagsMixin from mod ctgui
[26Sep2025 00:01:48.931] [main/WARN] [mixin/]: Error loading class: dev/emi/emi/api/stack/EmiIngredient (java.lang.ClassNotFoundException: dev.emi.emi.api.stack.EmiIngredient)
[26Sep2025 00:01:48.931] [main/WARN] [mixin/]: @Mixin target dev.emi.emi.api.stack.EmiIngredient was not found ctgui.mixins.json:EmiIngredientMixin from mod ctgui
[26Sep2025 00:01:48.932] [main/WARN] [mixin/]: Error loading class: dev/emi/emi/screen/EmiScreenBase (java.lang.ClassNotFoundException: dev.emi.emi.screen.EmiScreenBase)
[26Sep2025 00:01:48.932] [main/WARN] [mixin/]: @Mixin target dev.emi.emi.screen.EmiScreenBase was not found ctgui.mixins.json:EmiScreenBaseMixin from mod ctgui
[26Sep2025 00:01:48.933] [main/WARN] [mixin/]: Error loading class: dev/emi/emi/screen/RecipeScreen (java.lang.ClassNotFoundException: dev.emi.emi.screen.RecipeScreen)
[26Sep2025 00:01:48.933] [main/WARN] [mixin/]: @Mixin target dev.emi.emi.screen.RecipeScreen was not found ctgui.mixins.json:RecipeScreenMixin from mod ctgui
[26Sep2025 00:01:48.935] [main/WARN] [mixin/]: Error loading class: dev/emi/emi/registry/EmiRecipes$Worker (java.lang.ClassNotFoundException: dev.emi.emi.registry.EmiRecipes$Worker)
[26Sep2025 00:01:48.936] [main/WARN] [mixin/]: @Mixin target dev/emi/emi/registry/EmiRecipes$Worker was not found ctgui.mixins.json:EmiRecipesMixin from mod ctgui
[26Sep2025 00:01:48.936] [main/WARN] [mixin/]: Error loading class: dev/emi/emi/api/EmiApi (java.lang.ClassNotFoundException: dev.emi.emi.api.EmiApi)
[26Sep2025 00:01:48.936] [main/WARN] [mixin/]: @Mixin target dev.emi.emi.api.EmiApi was not found ctgui.mixins.json:EmiApiMixin from mod ctgui
[26Sep2025 00:01:48.940] [main/WARN] [mixin/]: Error loading class: dev/emi/emi/recipe/EmiFuelRecipe (java.lang.ClassNotFoundException: dev.emi.emi.recipe.EmiFuelRecipe)
[26Sep2025 00:01:48.940] [main/WARN] [mixin/]: @Mixin target dev.emi.emi.recipe.EmiFuelRecipe was not found ctgui.mixins.json:EmiFuelRecipeAccessor from mod ctgui
[26Sep2025 00:01:48.940] [main/WARN] [mixin/]: Error loading class: dev/emi/emi/recipe/EmiCompostingRecipe (java.lang.ClassNotFoundException: dev.emi.emi.recipe.EmiCompostingRecipe)
[26Sep2025 00:01:48.940] [main/WARN] [mixin/]: @Mixin target dev.emi.emi.recipe.EmiCompostingRecipe was not found ctgui.mixins.json:EmiCompostingRecipeAccessor from mod ctgui
[26Sep2025 00:01:48.942] [main/WARN] [mixin/]: Error loading class: dev/emi/emi/api/recipe/EmiInfoRecipe (java.lang.ClassNotFoundException: dev.emi.emi.api.recipe.EmiInfoRecipe)
[26Sep2025 00:01:48.943] [main/WARN] [mixin/]: @Mixin target dev.emi.emi.api.recipe.EmiInfoRecipe was not found ctgui.mixins.json:EmiInfoRecipeAccessor from mod ctgui
[26Sep2025 00:01:48.944] [main/WARN] [mixin/]: Error loading class: mekanism/client/recipe_viewer/emi/recipe/MekanismEmiRecipe (java.lang.ClassNotFoundException: mekanism.client.recipe_viewer.emi.recipe.MekanismEmiRecipe)
[26Sep2025 00:01:48.944] [main/WARN] [mixin/]: @Mixin target mekanism.client.recipe_viewer.emi.recipe.MekanismEmiRecipe was not found ctgui.neoforge.mixins.json:MekanismEmiRecipeMixin from mod ctgui
[26Sep2025 00:01:48.945] [main/WARN] [mixin/]: Error loading class: dev/emi/emi/recipe/EmiBrewingRecipe (java.lang.ClassNotFoundException: dev.emi.emi.recipe.EmiBrewingRecipe)
[26Sep2025 00:01:48.945] [main/WARN] [mixin/]: @Mixin target dev.emi.emi.recipe.EmiBrewingRecipe was not found ctgui.neoforge.mixins.json:EmiBrewingRecipeMixin from mod ctgui
[26Sep2025 00:01:48.999] [main/INFO] [AllTheLeaks/]: Class dev.uncandango.alltheleaks.leaks.common.mods.neoforge.Issue1487 will be loaded as it matches versions: 21.1.209 in [21.,)
[26Sep2025 00:01:49.000] [main/INFO] [AllTheLeaks/]: Mixins added to allowed list: [main.ServerPlayerMixin, main.PlayerListMixin, accessor.PlayerAdvancementsAccessor]
[26Sep2025 00:01:49.000] [main/INFO] [AllTheLeaks/]: Class dev.uncandango.alltheleaks.leaks.common.mods.neoforge.Issue1486 will be loaded as it matches versions: 21.1.209 in [21.,)
[26Sep2025 00:01:49.000] [main/INFO] [AllTheLeaks/]: Class dev.uncandango.alltheleaks.leaks.common.mods.minecraft.UntrackedIssue002 will be loaded as it matches versions: 1.21.1 in 1.21.1
[26Sep2025 00:01:49.000] [main/INFO] [AllTheLeaks/]: Class dev.uncandango.alltheleaks.leaks.common.mods.minecraft.UntrackedIssue001 will be loaded as it matches versions: 1.21.1 in 1.21.1
[26Sep2025 00:01:49.000] [main/INFO] [AllTheLeaks/]: Mixins added to allowed list: [main.EntityTickListMixin]
[26Sep2025 00:01:49.000] [main/INFO] [AllTheLeaks/]: Class dev.uncandango.alltheleaks.leaks.common.mods.kubejs.UntrackedIssue001 will be loaded as it matches versions: 2101.7.1-build.181 in [2101.7.0-build.171,2101.7.1-build.181]
[26Sep2025 00:01:49.000] [main/INFO] [AllTheLeaks/]: Mixins added to allowed list: [main.ServerScriptManagerMixin, accessor.ContextFactoryAccessor]
[26Sep2025 00:01:49.000] [main/INFO] [AllTheLeaks/]: Class dev.uncandango.alltheleaks.leaks.common.mods.curios.Issue22 will be loaded as it matches versions: 9.5.1+1.21.1 in [9.0.6,)
[26Sep2025 00:01:49.001] [main/INFO] [AllTheLeaks/]: Mixins added to allowed list: [main.CuriosEventHandlerMixin]
[26Sep2025 00:01:49.002] [main/INFO] [AllTheLeaks/]: Class dev.uncandango.alltheleaks.leaks.client.mods.neoforge.UntrackedIssue001 will be loaded as it matches versions: 21.1.209 in [21.,)
[26Sep2025 00:01:49.002] [main/INFO] [AllTheLeaks/]: Mixins added to allowed list: [main.MinecraftMixin2]
[26Sep2025 00:01:49.002] [main/INFO] [AllTheLeaks/]: Class dev.uncandango.alltheleaks.leaks.client.mods.mousetweaks.UntrackedIssue001 will be loaded as it matches versions: 2.26.1 in [2.26.1,)
[26Sep2025 00:01:49.002] [main/INFO] [AllTheLeaks/]: Class dev.uncandango.alltheleaks.leaks.client.mods.minecraft.UntrackedIssue001 will be loaded as it matches versions: 1.21.1 in 1.21.1
[26Sep2025 00:01:49.002] [main/INFO] [AllTheLeaks/]: Mixins added to allowed list: [main.MinecraftMixin]
[26Sep2025 00:01:49.003] [main/INFO] [AllTheLeaks/]: Class dev.uncandango.alltheleaks.leaks.client.mods.jei.UntrackedIssue004 will be loaded as it matches versions: 19.25.0.319 in [19.22.1.316,)
[26Sep2025 00:01:49.004] [main/INFO] [AllTheLeaks/]: Class dev.uncandango.alltheleaks.leaks.client.mods.jei.UntrackedIssue003 will be loaded as it matches versions: 19.25.0.319 in [19.8.4.113,)
[26Sep2025 00:01:49.004] [main/INFO] [AllTheLeaks/]: Mixins added to allowed list: [main.RecipeTransferButtonMixin]
[26Sep2025 00:01:49.004] [main/INFO] [AllTheLeaks/]: Class dev.uncandango.alltheleaks.leaks.client.mods.jei.UntrackedIssue002 will be loaded as it matches versions: 19.25.0.319 in [19.16.4.168,)
[26Sep2025 00:01:49.004] [main/INFO] [AllTheLeaks/]: Mixins added to allowed list: [accessor.BookmarkJsonConfigAccessor, accessor.TypedIngredientCodecsAccessor]
[26Sep2025 00:01:49.004] [main/INFO] [AllTheLeaks/]: Class dev.uncandango.alltheleaks.leaks.client.mods.jei.UntrackedIssue001 will be loaded as it matches versions: 19.25.0.319 in [19.19.5.232,)
[26Sep2025 00:01:49.004] [main/INFO] [AllTheLeaks/]: Mixins added to allowed list: [accessor.RecipeTransferManagerAccessor]
[26Sep2025 00:01:49.004] [main/INFO] [AllTheLeaks/]: Class dev.uncandango.alltheleaks.leaks.client.mods.jade.UntrackedIssue001 will be loaded as it matches versions: 15.10.3+neoforge in [15.1.8,)
[26Sep2025 00:01:49.006] [main/INFO] [AllTheLeaks/]: Class dev.uncandango.alltheleaks.fix.common.mods.kubejs.FixCachedTagLookup will be loaded as it matches versions: 2101.7.1-build.181 in [2101.7.1-build.181,2101.7.1-build.187]
[26Sep2025 00:01:49.006] [main/INFO] [AllTheLeaks/]: Mixins added to allowed list: [main.CachedTagLookupMixin]
[26Sep2025 00:01:49.007] [main/INFO] [AllTheLeaks/]: Class dev.uncandango.alltheleaks.feature.common.mods.minecraft.MemoryMonitor will be loaded as it matches versions: 1.21.1 in 1.20.1
[26Sep2025 00:01:49.007] [main/INFO] [AllTheLeaks/]: Mixins added to allowed list: [main.PlayerMixin, main.ChunkAccessMixin, main.LevelMixin, main.MinecraftServerMixin]
[26Sep2025 00:01:49.025] [main/INFO] [AllTheLeaks/]: Class dev.uncandango.alltheleaks.diag.common.mods.minecraft.LogSavedData will be loaded as it matches versions: 21.1.209 in [21.1,)
[26Sep2025 00:01:49.025] [main/INFO] [AllTheLeaks/]: Mixins added to allowed list: [main.SavedDataMixin]
[26Sep2025 00:01:49.080] [main/WARN] [mixin/]: Error loading class: mcjty/incontrol/compat/ModRuleCompatibilityLayer (java.lang.ClassNotFoundException: mcjty.incontrol.compat.ModRuleCompatibilityLayer)
[26Sep2025 00:01:49.080] [main/WARN] [mixin/]: @Mixin target mcjty.incontrol.compat.ModRuleCompatibilityLayer was not found astages.mixins.json:AModRuleCompatibilityLayer from mod astages
[26Sep2025 00:01:49.103] [main/WARN] [mixin/]: Error loading class: vazkii/quark/addons/oddities/inventory/BackpackMenu (java.lang.ClassNotFoundException: vazkii.quark.addons.oddities.inventory.BackpackMenu)
[26Sep2025 00:01:49.138] [main/WARN] [mixin/]: Error loading class: com/simibubi/create/content/equipment/armor/BacktankBlockEntity (java.lang.ClassNotFoundException: com.simibubi.create.content.equipment.armor.BacktankBlockEntity)
[26Sep2025 00:01:49.139] [main/WARN] [mixin/]: @Mixin target com.simibubi.create.content.equipment.armor.BacktankBlockEntity was not found jadeaddons.mixins.json:create.BacktankBlockEntityAccess from mod jadeaddons
[26Sep2025 00:01:49.140] [main/WARN] [mixin/]: Error loading class: com/simibubi/create/content/equipment/blueprint/BlueprintOverlayRenderer (java.lang.ClassNotFoundException: com.simibubi.create.content.equipment.blueprint.BlueprintOverlayRenderer)
[26Sep2025 00:01:49.140] [main/WARN] [mixin/]: @Mixin target com.simibubi.create.content.equipment.blueprint.BlueprintOverlayRenderer was not found jadeaddons.mixins.json:create.BlueprintOverlayRendererAccess from mod jadeaddons
[26Sep2025 00:01:49.141] [main/WARN] [mixin/]: Error loading class: com/simibubi/create/content/logistics/filter/FilterItem (java.lang.ClassNotFoundException: com.simibubi.create.content.logistics.filter.FilterItem)
[26Sep2025 00:01:49.141] [main/WARN] [mixin/]: @Mixin target com.simibubi.create.content.logistics.filter.FilterItem was not found jadeaddons.mixins.json:create.FilterItemAccess from mod jadeaddons
[26Sep2025 00:01:49.329] [main/INFO] [MixinExtras|Service/]: Initializing MixinExtras via com.llamalad7.mixinextras.service.MixinExtrasServiceImpl(version=0.5.0).
